This file contains any messages produced by compilers while
running configure, to aid debugging if configure makes a mistake.

It was created by univalue configure 1.0.3, which was
generated by GNU Autoconf 2.71.  Invocation command line was

  $ ./configure --disable-option-checking --prefix=/usr/local 'BDB_LIBS=-L/root/snafucoin/db4/lib -ldb_cxx-4.8' BDB_CFLAGS=-I/root/snafucoin/db4/include --disable-tests --disable-bench --disable-gui --disable-shared --with-pic --enable-benchmark=no --with-bignum=no --enable-module-generator --enable-module-recovery --enable-module-commitment --enable-module-bulletproof --enable-module-aggsig --enable-module-schnorrsig --enable-module-extrakeys --enable-experimental --disable-jni --disable-openssl-tests --cache-file=/dev/null --srcdir=.

## --------- ##
## Platform. ##
## --------- ##

hostname = vbox
uname -m = x86_64
uname -r = 6.1.0-28-amd64
uname -s = Linux
uname -v = #1 SMP PREEMPT_DYNAMIC Debian 6.1.119-1 (2024-11-22)

/usr/bin/uname -p = unknown
/bin/uname -X     = unknown

/bin/arch              = x86_64
/usr/bin/arch -k       = unknown
/usr/convex/getsysinfo = unknown
/usr/bin/hostinfo      = unknown
/bin/machine           = unknown
/usr/bin/oslevel       = unknown
/bin/universe          = unknown

PATH: /usr/local/sbin/
PATH: /usr/local/bin/
PATH: /usr/sbin/
PATH: /usr/bin/
PATH: /sbin/
PATH: /bin/


## ----------- ##
## Core tests. ##
## ----------- ##

configure:2714: looking for aux files: compile config.guess config.sub ltmain.sh missing install-sh
configure:2727:  trying ./build-aux/
configure:2756:   ./build-aux/compile found
configure:2756:   ./build-aux/config.guess found
configure:2756:   ./build-aux/config.sub found
configure:2756:   ./build-aux/ltmain.sh found
configure:2756:   ./build-aux/missing found
configure:2738:   ./build-aux/install-sh found
configure:2880: checking whether make supports nested variables
configure:2898: result: yes
configure:2934: checking for a BSD-compatible install
configure:3007: result: /usr/bin/install -c
configure:3018: checking whether build environment is sane
configure:3073: result: yes
configure:3232: checking for a race-free mkdir -p
configure:3276: result: /usr/bin/mkdir -p
configure:3283: checking for gawk
configure:3318: result: no
configure:3283: checking for mawk
configure:3304: found /usr/bin/mawk
configure:3315: result: mawk
configure:3326: checking whether make sets $(MAKE)
configure:3349: result: yes
configure:3540: checking build system type
configure:3555: result: x86_64-pc-linux-gnu
configure:3575: checking host system type
configure:3589: result: x86_64-pc-linux-gnu
configure:3630: checking how to print strings
configure:3657: result: printf
configure:3691: checking whether make supports the include directive
configure:3706: make -f confmf.GNU && cat confinc.out
this is the am__doit target
configure:3709: $? = 0
configure:3728: result: yes (GNU style)
configure:3804: checking for gcc
configure:3825: found /usr/bin/gcc
configure:3836: result: gcc
configure:4189: checking for C compiler version
configure:4198: gcc --version >&5
gcc (Debian 12.2.0-14) 12.2.0
Copyright (C) 2022 Free Software Foundation, Inc.
This is free software; see the source for copying conditions.  There is NO
warranty; not even for MERCHANTABILITY or FITNESS FOR A PARTICULAR PURPOSE.

configure:4209: $? = 0
configure:4198: gcc -v >&5
Using built-in specs.
COLLECT_GCC=gcc
COLLECT_LTO_WRAPPER=/usr/lib/gcc/x86_64-linux-gnu/12/lto-wrapper
OFFLOAD_TARGET_NAMES=nvptx-none:amdgcn-amdhsa
OFFLOAD_TARGET_DEFAULT=1
Target: x86_64-linux-gnu
Configured with: ../src/configure -v --with-pkgversion='Debian 12.2.0-14' --with-bugurl=file:///usr/share/doc/gcc-12/README.Bugs --enable-languages=c,ada,c++,go,d,fortran,objc,obj-c++,m2 --prefix=/usr --with-gcc-major-version-only --program-suffix=-12 --program-prefix=x86_64-linux-gnu- --enable-shared --enable-linker-build-id --libexecdir=/usr/lib --without-included-gettext --enable-threads=posix --libdir=/usr/lib --enable-nls --enable-clocale=gnu --enable-libstdcxx-debug --enable-libstdcxx-time=yes --with-default-libstdcxx-abi=new --enable-gnu-unique-object --disable-vtable-verify --enable-plugin --enable-default-pie --with-system-zlib --enable-libphobos-checking=release --with-target-system-zlib=auto --enable-objc-gc=auto --enable-multiarch --disable-werror --enable-cet --with-arch-32=i686 --with-abi=m64 --with-multilib-list=m32,m64,mx32 --enable-multilib --with-tune=generic --enable-offload-targets=nvptx-none=/build/gcc-12-bTRWOB/gcc-12-12.2.0/debian/tmp-nvptx/usr,amdgcn-amdhsa=/build/gcc-12-bTRWOB/gcc-12-12.2.0/debian/tmp-gcn/usr --enable-offload-defaulted --without-cuda-driver --enable-checking=release --build=x86_64-linux-gnu --host=x86_64-linux-gnu --target=x86_64-linux-gnu
Thread model: posix
Supported LTO compression algorithms: zlib zstd
gcc version 12.2.0 (Debian 12.2.0-14) 
... rest of stderr output deleted ...
configure:4209: $? = 0
configure:4198: gcc -V >&5
gcc: error: unrecognized command-line option '-V'
gcc: fatal error: no input files
compilation terminated.
configure:4209: $? = 1
configure:4198: gcc -qversion >&5
gcc: error: unrecognized command-line option '-qversion'; did you mean '--version'?
gcc: fatal error: no input files
compilation terminated.
configure:4209: $? = 1
configure:4198: gcc -version >&5
gcc: error: unrecognized command-line option '-version'
gcc: fatal error: no input files
compilation terminated.
configure:4209: $? = 1
configure:4229: checking whether the C compiler works
configure:4251: gcc    conftest.c  >&5
configure:4255: $? = 0
configure:4305: result: yes
configure:4308: checking for C compiler default output file name
configure:4310: result: a.out
configure:4316: checking for suffix of executables
configure:4323: gcc -o conftest    conftest.c  >&5
configure:4327: $? = 0
configure:4350: result: 
configure:4372: checking whether we are cross compiling
configure:4380: gcc -o conftest    conftest.c  >&5
configure:4384: $? = 0
configure:4391: ./conftest
configure:4395: $? = 0
configure:4410: result: no
configure:4415: checking for suffix of object files
configure:4438: gcc -c   conftest.c >&5
configure:4442: $? = 0
configure:4464: result: o
configure:4468: checking whether the compiler supports GNU C
configure:4488: gcc -c   conftest.c >&5
configure:4488: $? = 0
configure:4498: result: yes
configure:4509: checking whether gcc accepts -g
configure:4530: gcc -c -g  conftest.c >&5
configure:4530: $? = 0
configure:4574: result: yes
configure:4594: checking for gcc option to enable C11 features
configure:4609: gcc  -c -g -O2  conftest.c >&5
configure:4609: $? = 0
configure:4627: result: none needed
configure:4743: checking whether gcc understands -c and -o together
configure:4766: gcc -c conftest.c -o conftest2.o
configure:4769: $? = 0
configure:4766: gcc -c conftest.c -o conftest2.o
configure:4769: $? = 0
configure:4781: result: yes
configure:4800: checking dependency style of gcc
configure:4912: result: gcc3
configure:4927: checking for a sed that does not truncate output
configure:4997: result: /usr/bin/sed
configure:5015: checking for grep that handles long lines and -e
configure:5079: result: /usr/bin/grep
configure:5084: checking for egrep
configure:5152: result: /usr/bin/grep -E
configure:5157: checking for fgrep
configure:5225: result: /usr/bin/grep -F
configure:5261: checking for ld used by gcc
configure:5329: result: /usr/bin/ld
configure:5336: checking if the linker (/usr/bin/ld) is GNU ld
configure:5352: result: yes
configure:5364: checking for BSD- or MS-compatible name lister (nm)
configure:5419: result: /usr/bin/nm -B
configure:5559: checking the name lister (/usr/bin/nm -B) interface
configure:5567: gcc -c -g -O2  conftest.c >&5
configure:5570: /usr/bin/nm -B "conftest.o"
configure:5573: output
0000000000000000 B some_variable
configure:5580: result: BSD nm
configure:5583: checking whether ln -s works
configure:5587: result: yes
configure:5595: checking the maximum length of command line arguments
configure:5727: result: 1572864
configure:5775: checking how to convert x86_64-pc-linux-gnu file names to x86_64-pc-linux-gnu format
configure:5816: result: func_convert_file_noop
configure:5823: checking how to convert x86_64-pc-linux-gnu file names to toolchain format
configure:5844: result: func_convert_file_noop
configure:5851: checking for /usr/bin/ld option to reload object files
configure:5859: result: -r
configure:5938: checking for file
configure:5959: found /usr/bin/file
configure:5970: result: file
configure:6046: checking for objdump
configure:6067: found /usr/bin/objdump
configure:6078: result: objdump
configure:6110: checking how to recognize dependent libraries
configure:6311: result: pass_all
configure:6401: checking for dlltool
configure:6436: result: no
configure:6466: checking how to associate runtime and link libraries
configure:6494: result: printf %s\n
configure:6560: checking for ar
configure:6581: found /usr/bin/ar
configure:6592: result: ar
configure:6645: checking for archiver @FILE support
configure:6663: gcc -c -g -O2  conftest.c >&5
configure:6663: $? = 0
configure:6667: ar cr libconftest.a @conftest.lst >&5
configure:6670: $? = 0
configure:6675: ar cr libconftest.a @conftest.lst >&5
ar: conftest.o: No such file or directory
configure:6678: $? = 1
configure:6690: result: @
configure:6753: checking for strip
configure:6774: found /usr/bin/strip
configure:6785: result: strip
configure:6862: checking for ranlib
configure:6883: found /usr/bin/ranlib
configure:6894: result: ranlib
configure:6996: checking command to parse /usr/bin/nm -B output from gcc object
configure:7150: gcc -c -g -O2  conftest.c >&5
configure:7153: $? = 0
configure:7157: /usr/bin/nm -B conftest.o | /usr/bin/sed -n -e 's/^.*[	 ]\([ABCDGIRSTW][ABCDGIRSTW]*\)[	 ][	 ]*\([_A-Za-z][_A-Za-z0-9]*\)$/\1 \2 \2/p' | /usr/bin/sed '/ __gnu_lto/d' > conftest.nm
configure:7223: gcc -o conftest -g -O2   conftest.c conftstm.o >&5
configure:7226: $? = 0
configure:7264: result: ok
configure:7311: checking for sysroot
configure:7342: result: no
configure:7349: checking for a working dd
configure:7393: result: /usr/bin/dd
configure:7397: checking how to truncate binary pipes
configure:7413: result: /usr/bin/dd bs=4096 count=1
configure:7550: gcc -c -g -O2  conftest.c >&5
configure:7553: $? = 0
configure:7750: checking for mt
configure:7771: found /usr/bin/mt
configure:7782: result: mt
configure:7805: checking if mt is a manifest tool
configure:7812: mt '-?'
configure:7820: result: no
configure:8545: checking for stdio.h
configure:8545: gcc -c -g -O2  conftest.c >&5
configure:8545: $? = 0
configure:8545: result: yes
configure:8545: checking for stdlib.h
configure:8545: gcc -c -g -O2  conftest.c >&5
configure:8545: $? = 0
configure:8545: result: yes
configure:8545: checking for string.h
configure:8545: gcc -c -g -O2  conftest.c >&5
configure:8545: $? = 0
configure:8545: result: yes
configure:8545: checking for inttypes.h
configure:8545: gcc -c -g -O2  conftest.c >&5
configure:8545: $? = 0
configure:8545: result: yes
configure:8545: checking for stdint.h
configure:8545: gcc -c -g -O2  conftest.c >&5
configure:8545: $? = 0
configure:8545: result: yes
configure:8545: checking for strings.h
configure:8545: gcc -c -g -O2  conftest.c >&5
configure:8545: $? = 0
configure:8545: result: yes
configure:8545: checking for sys/stat.h
configure:8545: gcc -c -g -O2  conftest.c >&5
configure:8545: $? = 0
configure:8545: result: yes
configure:8545: checking for sys/types.h
configure:8545: gcc -c -g -O2  conftest.c >&5
configure:8545: $? = 0
configure:8545: result: yes
configure:8545: checking for unistd.h
configure:8545: gcc -c -g -O2  conftest.c >&5
configure:8545: $? = 0
configure:8545: result: yes
configure:8570: checking for dlfcn.h
configure:8570: gcc -c -g -O2  conftest.c >&5
configure:8570: $? = 0
configure:8570: result: yes
configure:8829: checking for objdir
configure:8845: result: .libs
configure:9109: checking if gcc supports -fno-rtti -fno-exceptions
configure:9128: gcc -c -g -O2  -fno-rtti -fno-exceptions conftest.c >&5
cc1: warning: command-line option '-fno-rtti' is valid for C++/D/ObjC++ but not for C
configure:9132: $? = 0
configure:9145: result: no
configure:9509: checking for gcc option to produce PIC
configure:9517: result: -fPIC -DPIC
configure:9525: checking if gcc PIC flag -fPIC -DPIC works
configure:9544: gcc -c -g -O2  -fPIC -DPIC -DPIC conftest.c >&5
configure:9548: $? = 0
configure:9561: result: yes
configure:9590: checking if gcc static flag -static works
configure:9619: result: yes
configure:9634: checking if gcc supports -c -o file.o
configure:9656: gcc -c -g -O2  -o out/conftest2.o conftest.c >&5
configure:9660: $? = 0
configure:9682: result: yes
configure:9690: checking if gcc supports -c -o file.o
configure:9738: result: yes
configure:9771: checking whether the gcc linker (/usr/bin/ld -m elf_x86_64) supports shared libraries
configure:11045: result: yes
configure:11286: checking dynamic linker characteristics
configure:11868: gcc -o conftest -g -O2   -Wl,-rpath -Wl,/foo conftest.c  >&5
configure:11868: $? = 0
configure:12119: result: GNU/Linux ld.so
configure:12241: checking how to hardcode library paths into programs
configure:12266: result: immediate
configure:12818: checking whether stripping libraries is possible
configure:12827: result: yes
configure:12869: checking if libtool supports shared libraries
configure:12871: result: yes
configure:12874: checking whether to build shared libraries
configure:12899: result: no
configure:12902: checking whether to build static libraries
configure:12906: result: yes
configure:13012: checking for g++
configure:13033: found /usr/bin/g++
configure:13044: result: g++
configure:13071: checking for C++ compiler version
configure:13080: g++ --version >&5
g++ (Debian 12.2.0-14) 12.2.0
Copyright (C) 2022 Free Software Foundation, Inc.
This is free software; see the source for copying conditions.  There is NO
warranty; not even for MERCHANTABILITY or FITNESS FOR A PARTICULAR PURPOSE.

configure:13091: $? = 0
configure:13080: g++ -v >&5
Using built-in specs.
COLLECT_GCC=g++
COLLECT_LTO_WRAPPER=/usr/lib/gcc/x86_64-linux-gnu/12/lto-wrapper
OFFLOAD_TARGET_NAMES=nvptx-none:amdgcn-amdhsa
OFFLOAD_TARGET_DEFAULT=1
Target: x86_64-linux-gnu
Configured with: ../src/configure -v --with-pkgversion='Debian 12.2.0-14' --with-bugurl=file:///usr/share/doc/gcc-12/README.Bugs --enable-languages=c,ada,c++,go,d,fortran,objc,obj-c++,m2 --prefix=/usr --with-gcc-major-version-only --program-suffix=-12 --program-prefix=x86_64-linux-gnu- --enable-shared --enable-linker-build-id --libexecdir=/usr/lib --without-included-gettext --enable-threads=posix --libdir=/usr/lib --enable-nls --enable-clocale=gnu --enable-libstdcxx-debug --enable-libstdcxx-time=yes --with-default-libstdcxx-abi=new --enable-gnu-unique-object --disable-vtable-verify --enable-plugin --enable-default-pie --with-system-zlib --enable-libphobos-checking=release --with-target-system-zlib=auto --enable-objc-gc=auto --enable-multiarch --disable-werror --enable-cet --with-arch-32=i686 --with-abi=m64 --with-multilib-list=m32,m64,mx32 --enable-multilib --with-tune=generic --enable-offload-targets=nvptx-none=/build/gcc-12-bTRWOB/gcc-12-12.2.0/debian/tmp-nvptx/usr,amdgcn-amdhsa=/build/gcc-12-bTRWOB/gcc-12-12.2.0/debian/tmp-gcn/usr --enable-offload-defaulted --without-cuda-driver --enable-checking=release --build=x86_64-linux-gnu --host=x86_64-linux-gnu --target=x86_64-linux-gnu
Thread model: posix
Supported LTO compression algorithms: zlib zstd
gcc version 12.2.0 (Debian 12.2.0-14) 
... rest of stderr output deleted ...
configure:13091: $? = 0
configure:13080: g++ -V >&5
g++: error: unrecognized command-line option '-V'
g++: fatal error: no input files
compilation terminated.
configure:13091: $? = 1
configure:13080: g++ -qversion >&5
g++: error: unrecognized command-line option '-qversion'; did you mean '--version'?
g++: fatal error: no input files
compilation terminated.
configure:13091: $? = 1
configure:13095: checking whether the compiler supports GNU C++
configure:13115: g++ -c   conftest.cpp >&5
configure:13115: $? = 0
configure:13125: result: yes
configure:13136: checking whether g++ accepts -g
configure:13157: g++ -c -g  conftest.cpp >&5
configure:13157: $? = 0
configure:13201: result: yes
configure:13221: checking for g++ option to enable C++11 features
configure:13236: g++  -c -g -O2  conftest.cpp >&5
conftest.cpp: In function 'int main(int, char**)':
conftest.cpp:189:25: warning: empty parentheses were disambiguated as a function declaration [-Wvexing-parse]
  189 |   cxx11test::delegate d2();
      |                         ^~
conftest.cpp:189:25: note: remove parentheses to default-initialize a variable
  189 |   cxx11test::delegate d2();
      |                         ^~
      |                         --
conftest.cpp:189:25: note: or replace parentheses with braces to value-initialize a variable
configure:13236: $? = 0
configure:13254: result: none needed
configure:13320: checking dependency style of g++
configure:13432: result: gcc3
configure:13466: checking how to run the C++ preprocessor
configure:13488: g++ -E  conftest.cpp
configure:13488: $? = 0
configure:13503: g++ -E  conftest.cpp
conftest.cpp:23:10: fatal error: ac_nonexistent.h: No such file or directory
   23 | #include <ac_nonexistent.h>
      |          ^~~~~~~~~~~~~~~~~~
compilation terminated.
configure:13503: $? = 1
configure: failed program was:
| /* confdefs.h */
| #define PACKAGE_NAME "univalue"
| #define PACKAGE_TARNAME "univalue"
| #define PACKAGE_VERSION "1.0.3"
| #define PACKAGE_STRING "univalue 1.0.3"
| #define PACKAGE_BUGREPORT "http://github.com/jgarzik/univalue/"
| #define PACKAGE_URL ""
| #define PACKAGE "univalue"
| #define VERSION "1.0.3"
| #define HAVE_STDIO_H 1
| #define HAVE_STDLIB_H 1
| #define HAVE_STRING_H 1
| #define HAVE_INTTYPES_H 1
| #define HAVE_STDINT_H 1
| #define HAVE_STRINGS_H 1
| #define HAVE_SYS_STAT_H 1
| #define HAVE_SYS_TYPES_H 1
| #define HAVE_UNISTD_H 1
| #define STDC_HEADERS 1
| #define HAVE_DLFCN_H 1
| #define LT_OBJDIR ".libs/"
| /* end confdefs.h.  */
| #include <ac_nonexistent.h>
configure:13530: result: g++ -E
configure:13544: g++ -E  conftest.cpp
configure:13544: $? = 0
configure:13559: g++ -E  conftest.cpp
conftest.cpp:23:10: fatal error: ac_nonexistent.h: No such file or directory
   23 | #include <ac_nonexistent.h>
      |          ^~~~~~~~~~~~~~~~~~
compilation terminated.
configure:13559: $? = 1
configure: failed program was:
| /* confdefs.h */
| #define PACKAGE_NAME "univalue"
| #define PACKAGE_TARNAME "univalue"
| #define PACKAGE_VERSION "1.0.3"
| #define PACKAGE_STRING "univalue 1.0.3"
| #define PACKAGE_BUGREPORT "http://github.com/jgarzik/univalue/"
| #define PACKAGE_URL ""
| #define PACKAGE "univalue"
| #define VERSION "1.0.3"
| #define HAVE_STDIO_H 1
| #define HAVE_STDLIB_H 1
| #define HAVE_STRING_H 1
| #define HAVE_INTTYPES_H 1
| #define HAVE_STDINT_H 1
| #define HAVE_STRINGS_H 1
| #define HAVE_SYS_STAT_H 1
| #define HAVE_SYS_TYPES_H 1
| #define HAVE_UNISTD_H 1
| #define STDC_HEADERS 1
| #define HAVE_DLFCN_H 1
| #define LT_OBJDIR ".libs/"
| /* end confdefs.h.  */
| #include <ac_nonexistent.h>
configure:13724: checking for ld used by g++
configure:13792: result: /usr/bin/ld -m elf_x86_64
configure:13799: checking if the linker (/usr/bin/ld -m elf_x86_64) is GNU ld
configure:13815: result: yes
configure:13870: checking whether the g++ linker (/usr/bin/ld -m elf_x86_64) supports shared libraries
configure:14948: result: yes
configure:14984: g++ -c -g -O2  conftest.cpp >&5
configure:14987: $? = 0
configure:15468: checking for g++ option to produce PIC
configure:15476: result: -fPIC -DPIC
configure:15484: checking if g++ PIC flag -fPIC -DPIC works
configure:15503: g++ -c -g -O2  -fPIC -DPIC -DPIC conftest.cpp >&5
configure:15507: $? = 0
configure:15520: result: yes
configure:15543: checking if g++ static flag -static works
configure:15572: result: yes
configure:15584: checking if g++ supports -c -o file.o
configure:15606: g++ -c -g -O2  -o out/conftest2.o conftest.cpp >&5
configure:15610: $? = 0
configure:15632: result: yes
configure:15637: checking if g++ supports -c -o file.o
configure:15685: result: yes
configure:15715: checking whether the g++ linker (/usr/bin/ld -m elf_x86_64) supports shared libraries
configure:15758: result: yes
configure:15900: checking dynamic linker characteristics
configure:16660: result: GNU/Linux ld.so
configure:16725: checking how to hardcode library paths into programs
configure:16750: result: immediate
configure:16910: checking that generated files are newer than configure
configure:16916: result: done
configure:16943: creating ./config.status

## ---------------------- ##
## Running config.status. ##
## ---------------------- ##

This file was extended by univalue config.status 1.0.3, which was
generated by GNU Autoconf 2.71.  Invocation command line was

  CONFIG_FILES    = 
  CONFIG_HEADERS  = 
  CONFIG_LINKS    = 
  CONFIG_COMMANDS = 
  $ ./config.status 

on vbox

config.status:1152: creating Makefile
config.status:1152: creating pc/libunivalue.pc
config.status:1152: creating pc/libunivalue-uninstalled.pc
config.status:1152: creating univalue-config.h
config.status:1333: univalue-config.h is unchanged
config.status:1381: executing depfiles commands
config.status:1458: cd .       && sed -e '/# am--include-marker/d' Makefile         | make -f - am--depfiles
make: Nothing to be done for 'am--depfiles'.
config.status:1463: $? = 0
config.status:1381: executing libtool commands

## ---------------- ##
## Cache variables. ##
## ---------------- ##

ac_cv_build=x86_64-pc-linux-gnu
ac_cv_c_compiler_gnu=yes
ac_cv_cxx_compiler_gnu=yes
ac_cv_env_CCC_set=
ac_cv_env_CCC_value=
ac_cv_env_CC_set=
ac_cv_env_CC_value=
ac_cv_env_CFLAGS_set=
ac_cv_env_CFLAGS_value=
ac_cv_env_CPPFLAGS_set=
ac_cv_env_CPPFLAGS_value=
ac_cv_env_CXXCPP_set=
ac_cv_env_CXXCPP_value=
ac_cv_env_CXXFLAGS_set=
ac_cv_env_CXXFLAGS_value=
ac_cv_env_CXX_set=
ac_cv_env_CXX_value=
ac_cv_env_LDFLAGS_set=
ac_cv_env_LDFLAGS_value=
ac_cv_env_LIBS_set=
ac_cv_env_LIBS_value=
ac_cv_env_LT_SYS_LIBRARY_PATH_set=
ac_cv_env_LT_SYS_LIBRARY_PATH_value=
ac_cv_env_build_alias_set=
ac_cv_env_build_alias_value=
ac_cv_env_host_alias_set=
ac_cv_env_host_alias_value=
ac_cv_env_target_alias_set=
ac_cv_env_target_alias_value=
ac_cv_header_dlfcn_h=yes
ac_cv_header_inttypes_h=yes
ac_cv_header_stdint_h=yes
ac_cv_header_stdio_h=yes
ac_cv_header_stdlib_h=yes
ac_cv_header_string_h=yes
ac_cv_header_strings_h=yes
ac_cv_header_sys_stat_h=yes
ac_cv_header_sys_types_h=yes
ac_cv_header_unistd_h=yes
ac_cv_host=x86_64-pc-linux-gnu
ac_cv_objext=o
ac_cv_path_EGREP='/usr/bin/grep -E'
ac_cv_path_FGREP='/usr/bin/grep -F'
ac_cv_path_GREP=/usr/bin/grep
ac_cv_path_SED=/usr/bin/sed
ac_cv_path_install='/usr/bin/install -c'
ac_cv_path_lt_DD=/usr/bin/dd
ac_cv_path_mkdir=/usr/bin/mkdir
ac_cv_prog_AWK=mawk
ac_cv_prog_CXXCPP='g++ -E'
ac_cv_prog_ac_ct_AR=ar
ac_cv_prog_ac_ct_CC=gcc
ac_cv_prog_ac_ct_CXX=g++
ac_cv_prog_ac_ct_FILECMD=file
ac_cv_prog_ac_ct_MANIFEST_TOOL=mt
ac_cv_prog_ac_ct_OBJDUMP=objdump
ac_cv_prog_ac_ct_RANLIB=ranlib
ac_cv_prog_ac_ct_STRIP=strip
ac_cv_prog_cc_c11=
ac_cv_prog_cc_g=yes
ac_cv_prog_cc_stdc=
ac_cv_prog_cxx_cxx11=
ac_cv_prog_cxx_g=yes
ac_cv_prog_cxx_stdcxx=
ac_cv_prog_make_make_set=yes
am_cv_CC_dependencies_compiler_type=gcc3
am_cv_CXX_dependencies_compiler_type=gcc3
am_cv_make_support_nested_variables=yes
am_cv_prog_cc_c_o=yes
lt_cv_ar_at_file=@
lt_cv_deplibs_check_method=pass_all
lt_cv_file_magic_cmd='$MAGIC_CMD'
lt_cv_file_magic_test_file=
lt_cv_ld_reload_flag=-r
lt_cv_nm_interface='BSD nm'
lt_cv_objdir=.libs
lt_cv_path_LD=/usr/bin/ld
lt_cv_path_LDCXX='/usr/bin/ld -m elf_x86_64'
lt_cv_path_NM='/usr/bin/nm -B'
lt_cv_path_mainfest_tool=no
lt_cv_prog_compiler_c_o=yes
lt_cv_prog_compiler_c_o_CXX=yes
lt_cv_prog_compiler_pic='-fPIC -DPIC'
lt_cv_prog_compiler_pic_CXX='-fPIC -DPIC'
lt_cv_prog_compiler_pic_works=yes
lt_cv_prog_compiler_pic_works_CXX=yes
lt_cv_prog_compiler_rtti_exceptions=no
lt_cv_prog_compiler_static_works=yes
lt_cv_prog_compiler_static_works_CXX=yes
lt_cv_prog_gnu_ld=yes
lt_cv_prog_gnu_ldcxx=yes
lt_cv_sharedlib_from_linklib_cmd='printf %s\n'
lt_cv_shlibpath_overrides_runpath=yes
lt_cv_sys_global_symbol_pipe='/usr/bin/sed -n -e '\''s/^.*[	 ]\([ABCDGIRSTW][ABCDGIRSTW]*\)[	 ][	 ]*\([_A-Za-z][_A-Za-z0-9]*\)$/\1 \2 \2/p'\'' | /usr/bin/sed '\''/ __gnu_lto/d'\'''
lt_cv_sys_global_symbol_to_c_name_address='/usr/bin/sed -n -e '\''s/^: \(.*\) .*$/  {"\1", (void *) 0},/p'\'' -e '\''s/^[ABCDGIRSTW][ABCDGIRSTW]* .* \(.*\)$/  {"\1", (void *) \&\1},/p'\'''
lt_cv_sys_global_symbol_to_c_name_address_lib_prefix='/usr/bin/sed -n -e '\''s/^: \(.*\) .*$/  {"\1", (void *) 0},/p'\'' -e '\''s/^[ABCDGIRSTW][ABCDGIRSTW]* .* \(lib.*\)$/  {"\1", (void *) \&\1},/p'\'' -e '\''s/^[ABCDGIRSTW][ABCDGIRSTW]* .* \(.*\)$/  {"lib\1", (void *) \&\1},/p'\'''
lt_cv_sys_global_symbol_to_cdecl='/usr/bin/sed -n -e '\''s/^T .* \(.*\)$/extern int \1();/p'\'' -e '\''s/^[ABCDGIRSTW][ABCDGIRSTW]* .* \(.*\)$/extern char \1;/p'\'''
lt_cv_sys_global_symbol_to_import=
lt_cv_sys_max_cmd_len=1572864
lt_cv_to_host_file_cmd=func_convert_file_noop
lt_cv_to_tool_file_cmd=func_convert_file_noop
lt_cv_truncate_bin='/usr/bin/dd bs=4096 count=1'

## ----------------- ##
## Output variables. ##
## ----------------- ##

ACLOCAL='${SHELL} '\''/root/snafucoin/src/univalue/build-aux/missing'\'' aclocal-1.16'
AMDEPBACKSLASH='\'
AMDEP_FALSE='#'
AMDEP_TRUE=''
AMTAR='$${TAR-tar}'
AM_BACKSLASH='\'
AM_DEFAULT_V='$(AM_DEFAULT_VERBOSITY)'
AM_DEFAULT_VERBOSITY='0'
AM_V='$(V)'
AR='ar'
AUTOCONF='${SHELL} '\''/root/snafucoin/src/univalue/build-aux/missing'\'' autoconf'
AUTOHEADER='${SHELL} '\''/root/snafucoin/src/univalue/build-aux/missing'\'' autoheader'
AUTOMAKE='${SHELL} '\''/root/snafucoin/src/univalue/build-aux/missing'\'' automake-1.16'
AWK='mawk'
BUILD_EXEEXT=''
CC='gcc'
CCDEPMODE='depmode=gcc3'
CFLAGS='-g -O2'
CPPFLAGS=''
CSCOPE='cscope'
CTAGS='ctags'
CXX='g++'
CXXCPP='g++ -E'
CXXDEPMODE='depmode=gcc3'
CXXFLAGS='-g -O2'
CYGPATH_W='echo'
DEFS='-DHAVE_CONFIG_H'
DEPDIR='.deps'
DLLTOOL='false'
DSYMUTIL=''
DUMPBIN=''
ECHO_C=''
ECHO_N='-n'
ECHO_T=''
EGREP='/usr/bin/grep -E'
ETAGS='etags'
EXEEXT=''
FGREP='/usr/bin/grep -F'
FILECMD='file'
GREP='/usr/bin/grep'
INSTALL_DATA='${INSTALL} -m 644'
INSTALL_PROGRAM='${INSTALL}'
INSTALL_SCRIPT='${INSTALL}'
INSTALL_STRIP_PROGRAM='$(install_sh) -c -s'
LD='/usr/bin/ld -m elf_x86_64'
LDFLAGS=''
LIBOBJS=''
LIBS=''
LIBTOOL='$(SHELL) $(top_builddir)/libtool'
LIBTOOL_APP_LDFLAGS=''
LIBUNIVALUE_AGE='100'
LIBUNIVALUE_CURRENT='100'
LIBUNIVALUE_REVISION='3'
LIPO=''
LN_S='ln -s'
LTLIBOBJS=''
LT_SYS_LIBRARY_PATH=''
MAKEINFO='${SHELL} '\''/root/snafucoin/src/univalue/build-aux/missing'\'' makeinfo'
MANIFEST_TOOL=':'
MKDIR_P='/usr/bin/mkdir -p'
NM='/usr/bin/nm -B'
NMEDIT=''
OBJDUMP='objdump'
OBJEXT='o'
OTOOL64=''
OTOOL=''
PACKAGE='univalue'
PACKAGE_BUGREPORT='http://github.com/jgarzik/univalue/'
PACKAGE_NAME='univalue'
PACKAGE_STRING='univalue 1.0.3'
PACKAGE_TARNAME='univalue'
PACKAGE_URL=''
PACKAGE_VERSION='1.0.3'
PATH_SEPARATOR=':'
RANLIB='ranlib'
SED='/usr/bin/sed'
SET_MAKE=''
SHELL='/bin/bash'
STRIP='strip'
VERSION='1.0.3'
ac_ct_AR='ar'
ac_ct_CC='gcc'
ac_ct_CXX='g++'
ac_ct_DUMPBIN=''
am__EXEEXT_FALSE=''
am__EXEEXT_TRUE='#'
am__fastdepCC_FALSE='#'
am__fastdepCC_TRUE=''
am__fastdepCXX_FALSE='#'
am__fastdepCXX_TRUE=''
am__include='include'
am__isrc=''
am__leading_dot='.'
am__nodep='_no'
am__quote=''
am__tar='$${TAR-tar} chof - "$$tardir"'
am__untar='$${TAR-tar} xf -'
bindir='${exec_prefix}/bin'
build='x86_64-pc-linux-gnu'
build_alias=''
build_cpu='x86_64'
build_os='linux-gnu'
build_vendor='pc'
datadir='${datarootdir}'
datarootdir='${prefix}/share'
docdir='${datarootdir}/doc/${PACKAGE_TARNAME}'
dvidir='${docdir}'
exec_prefix='${prefix}'
host='x86_64-pc-linux-gnu'
host_alias=''
host_cpu='x86_64'
host_os='linux-gnu'
host_vendor='pc'
htmldir='${docdir}'
includedir='${prefix}/include'
infodir='${datarootdir}/info'
install_sh='${SHELL} /root/snafucoin/src/univalue/build-aux/install-sh'
libdir='${exec_prefix}/lib'
libexecdir='${exec_prefix}/libexec'
localedir='${datarootdir}/locale'
localstatedir='${prefix}/var'
mandir='${datarootdir}/man'
mkdir_p='$(MKDIR_P)'
oldincludedir='/usr/include'
pdfdir='${docdir}'
prefix='/usr/local'
program_transform_name='s,x,x,'
psdir='${docdir}'
runstatedir='${localstatedir}/run'
sbindir='${exec_prefix}/sbin'
sharedstatedir='${prefix}/com'
sysconfdir='${prefix}/etc'
target_alias=''

## ----------- ##
## confdefs.h. ##
## ----------- ##

/* confdefs.h */
#define PACKAGE_NAME "univalue"
#define PACKAGE_TARNAME "univalue"
#define PACKAGE_VERSION "1.0.3"
#define PACKAGE_STRING "univalue 1.0.3"
#define PACKAGE_BUGREPORT "http://github.com/jgarzik/univalue/"
#define PACKAGE_URL ""
#define PACKAGE "univalue"
#define VERSION "1.0.3"
#define HAVE_STDIO_H 1
#define HAVE_STDLIB_H 1
#define HAVE_STRING_H 1
#define HAVE_INTTYPES_H 1
#define HAVE_STDINT_H 1
#define HAVE_STRINGS_H 1
#define HAVE_SYS_STAT_H 1
#define HAVE_SYS_TYPES_H 1
#define HAVE_UNISTD_H 1
#define STDC_HEADERS 1
#define HAVE_DLFCN_H 1
#define LT_OBJDIR ".libs/"

configure: exit 0
